2015-01-25 22:36:35,166 [Worker-2] INFO  o.e.m.c.i.e.AbstractTransferListenerAdapter - Downloading http://repo.maven.apache.org/maven2/org/apache/maven/plugins/maven-surefire-plugin/2.9/maven-surefire-plugin-2.9.jar
2015-01-25 22:36:35,893 [Worker-2] INFO  o.e.m.c.i.e.AbstractTransferListenerAdapter - Downloaded http://repo.maven.apache.org/maven2/org/apache/maven/plugins/maven-surefire-plugin/2.9/maven-surefire-plugin-2.9.jar
2015-01-25 22:36:42,266 [Worker-2] INFO  o.e.m.c.i.l.LifecycleMappingFactory - Using org.eclipse.m2e.jdt.JarLifecycleMapping lifecycle mapping for MavenProject: org.springframework.samples:TestSpringMaven:0.0.1-SNAPSHOT @ C:\projects\book_code\sts\grocOrder\pom.xml.
2015-01-25 22:36:42,698 [Worker-3] INFO  o.e.m.c.i.l.LifecycleMappingFactory - Using org.eclipse.m2e.jdt.JarLifecycleMapping lifecycle mapping for MavenProject: com.nokelsevices:TestingAppMVN:0.0.1-SNAPSHOT @ C:\projects\book_code\sts\TestingAppMVN\pom.xml.
2015-01-25 22:36:43,021 [Worker-2] INFO  o.e.m.c.i.e.AbstractTransferListenerAdapter - Downloading http://repo.maven.apache.org/maven2/org/springframework/spring-context/3.2.3.RELEASE/spring-context-3.2.3.RELEASE.pom
2015-01-25 22:36:43,778 [Worker-2] INFO  o.e.m.c.i.e.AbstractTransferListenerAdapter - Downloaded http://repo.maven.apache.org/maven2/org/springframework/spring-context/3.2.3.RELEASE/spring-context-3.2.3.RELEASE.pom
2015-01-25 22:36:46,027 [Worker-2] INFO  o.e.m.c.i.e.AbstractTransferListenerAdapter - Downloading http://repo.maven.apache.org/maven2/org/springframework/spring-aop/3.2.3.RELEASE/spring-aop-3.2.3.RELEASE.pom
2015-01-25 22:36:47,467 [Worker-3] INFO  o.e.m.c.i.embedder.EclipseLogger - Using 'UTF-8' encoding to copy filtered resources.
2015-01-25 22:36:47,467 [Worker-3] INFO  o.e.m.c.i.embedder.EclipseLogger - skip non existing resourceDirectory C:\projects\book_code\sts\TestingAppMVN\src\main\resources
2015-01-25 22:36:47,470 [Worker-3] INFO  o.e.m.c.i.embedder.EclipseLogger - Using 'UTF-8' encoding to copy filtered resources.
2015-01-25 22:36:47,470 [Worker-3] INFO  o.e.m.c.i.embedder.EclipseLogger - skip non existing resourceDirectory C:\projects\book_code\sts\TestingAppMVN\src\test\resources
2015-01-25 22:36:48,805 [Worker-2] INFO  o.e.m.c.i.e.AbstractTransferListenerAdapter - Downloaded http://repo.maven.apache.org/maven2/org/springframework/spring-aop/3.2.3.RELEASE/spring-aop-3.2.3.RELEASE.pom
2015-01-25 22:36:48,891 [Worker-2] INFO  o.e.m.c.i.e.AbstractTransferListenerAdapter - Downloading http://repo.maven.apache.org/maven2/org/springframework/spring-beans/3.2.3.RELEASE/spring-beans-3.2.3.RELEASE.pom
2015-01-25 22:36:50,470 [Worker-2] INFO  o.e.m.c.i.e.AbstractTransferListenerAdapter - Downloaded http://repo.maven.apache.org/maven2/org/springframework/spring-beans/3.2.3.RELEASE/spring-beans-3.2.3.RELEASE.pom
2015-01-25 22:36:50,643 [Worker-2] INFO  o.e.m.c.i.e.AbstractTransferListenerAdapter - Downloading http://repo.maven.apache.org/maven2/org/springframework/spring-core/3.2.3.RELEASE/spring-core-3.2.3.RELEASE.pom
2015-01-25 22:36:51,005 [Worker-2] INFO  o.e.m.c.i.e.AbstractTransferListenerAdapter - Downloaded http://repo.maven.apache.org/maven2/org/springframework/spring-core/3.2.3.RELEASE/spring-core-3.2.3.RELEASE.pom
2015-01-25 22:36:52,248 [Worker-2] INFO  o.e.m.c.i.e.AbstractTransferListenerAdapter - Downloading http://repo.maven.apache.org/maven2/org/springframework/spring-expression/3.2.3.RELEASE/spring-expression-3.2.3.RELEASE.pom
2015-01-25 22:36:52,371 [Worker-2] INFO  o.e.m.c.i.e.AbstractTransferListenerAdapter - Downloaded http://repo.maven.apache.org/maven2/org/springframework/spring-expression/3.2.3.RELEASE/spring-expression-3.2.3.RELEASE.pom
2015-01-25 22:36:52,437 [Worker-2] INFO  o.e.m.c.i.e.AbstractTransferListenerAdapter - Downloading http://repo.maven.apache.org/maven2/org/springframework/spring-tx/3.2.3.RELEASE/spring-tx-3.2.3.RELEASE.pom
2015-01-25 22:36:53,839 [Worker-2] INFO  o.e.m.c.i.e.AbstractTransferListenerAdapter - Downloaded http://repo.maven.apache.org/maven2/org/springframework/spring-tx/3.2.3.RELEASE/spring-tx-3.2.3.RELEASE.pom
2015-01-25 22:36:54,373 [Worker-2] INFO  o.e.m.c.i.e.AbstractTransferListenerAdapter - Downloading http://repo.maven.apache.org/maven2/org/slf4j/slf4j-api/1.7.5/slf4j-api-1.7.5.pom
2015-01-25 22:36:56,374 [Worker-2] INFO  o.e.m.c.i.e.AbstractTransferListenerAdapter - Downloaded http://repo.maven.apache.org/maven2/org/slf4j/slf4j-api/1.7.5/slf4j-api-1.7.5.pom
2015-01-25 22:36:56,594 [Worker-2] INFO  o.e.m.c.i.e.AbstractTransferListenerAdapter - Downloading http://repo.maven.apache.org/maven2/org/slf4j/slf4j-parent/1.7.5/slf4j-parent-1.7.5.pom
2015-01-25 22:36:56,848 [Worker-2] INFO  o.e.m.c.i.e.AbstractTransferListenerAdapter - Downloaded http://repo.maven.apache.org/maven2/org/slf4j/slf4j-parent/1.7.5/slf4j-parent-1.7.5.pom
2015-01-25 22:36:56,960 [Worker-2] INFO  o.e.m.c.i.e.AbstractTransferListenerAdapter - Downloading http://repo.maven.apache.org/maven2/ch/qos/logback/logback-classic/1.0.13/logback-classic-1.0.13.pom
2015-01-25 22:36:57,500 [Worker-3] INFO  o.e.m.c.i.l.LifecycleMappingFactory - Using org.eclipse.m2e.jdt.JarLifecycleMapping lifecycle mapping for MavenProject: org.springframework.samples:TestSpringMaven:0.0.1-SNAPSHOT @ C:\projects\book_code\sts\grocOrder\pom.xml.
2015-01-25 22:36:57,752 [Worker-2] INFO  o.e.m.c.i.e.AbstractTransferListenerAdapter - Downloaded http://repo.maven.apache.org/maven2/ch/qos/logback/logback-classic/1.0.13/logback-classic-1.0.13.pom
2015-01-25 22:36:57,833 [Worker-3] INFO  o.e.m.c.i.e.AbstractTransferListenerAdapter - Downloading http://repo.maven.apache.org/maven2/ch/qos/logback/logback-parent/1.0.13/logback-parent-1.0.13.pom
2015-01-25 22:36:58,021 [Worker-3] INFO  o.e.m.c.i.e.AbstractTransferListenerAdapter - Downloaded http://repo.maven.apache.org/maven2/ch/qos/logback/logback-parent/1.0.13/logback-parent-1.0.13.pom
2015-01-25 22:36:58,110 [Worker-2] INFO  o.e.m.c.i.e.AbstractTransferListenerAdapter - Downloading http://repo.maven.apache.org/maven2/ch/qos/logback/logback-core/1.0.13/logback-core-1.0.13.pom
2015-01-25 22:36:58,283 [Worker-2] INFO  o.e.m.c.i.e.AbstractTransferListenerAdapter - Downloaded http://repo.maven.apache.org/maven2/ch/qos/logback/logback-core/1.0.13/logback-core-1.0.13.pom
2015-01-25 22:36:58,376 [Worker-2] INFO  o.e.m.c.i.e.AbstractTransferListenerAdapter - Downloading http://repo.maven.apache.org/maven2/org/hibernate/hibernate-entitymanager/4.2.1.Final/hibernate-entitymanager-4.2.1.Final.pom
2015-01-25 22:36:58,631 [Worker-2] INFO  o.e.m.c.i.e.AbstractTransferListenerAdapter - Downloaded http://repo.maven.apache.org/maven2/org/hibernate/hibernate-entitymanager/4.2.1.Final/hibernate-entitymanager-4.2.1.Final.pom
2015-01-25 22:36:58,700 [Worker-3] INFO  o.e.m.c.i.e.AbstractTransferListenerAdapter - Downloading http://repo.maven.apache.org/maven2/org/jboss/logging/jboss-logging/3.1.0.GA/jboss-logging-3.1.0.GA.pom
2015-01-25 22:36:58,836 [Worker-3] INFO  o.e.m.c.i.e.AbstractTransferListenerAdapter - Downloaded http://repo.maven.apache.org/maven2/org/jboss/logging/jboss-logging/3.1.0.GA/jboss-logging-3.1.0.GA.pom
2015-01-25 22:36:58,901 [Worker-3] INFO  o.e.m.c.i.e.AbstractTransferListenerAdapter - Downloading http://repo.maven.apache.org/maven2/org/jboss/jboss-parent/7/jboss-parent-7.pom
2015-01-25 22:36:59,044 [Worker-3] INFO  o.e.m.c.i.e.AbstractTransferListenerAdapter - Downloaded http://repo.maven.apache.org/maven2/org/jboss/jboss-parent/7/jboss-parent-7.pom
2015-01-25 22:36:59,164 [Worker-3] INFO  o.e.m.c.i.e.AbstractTransferListenerAdapter - Downloading http://repo.maven.apache.org/maven2/org/hibernate/hibernate-core/4.2.1.Final/hibernate-core-4.2.1.Final.pom
2015-01-25 22:36:59,318 [Worker-3] INFO  o.e.m.c.i.e.AbstractTransferListenerAdapter - Downloaded http://repo.maven.apache.org/maven2/org/hibernate/hibernate-core/4.2.1.Final/hibernate-core-4.2.1.Final.pom
2015-01-25 22:36:59,380 [Worker-3] INFO  o.e.m.c.i.e.AbstractTransferListenerAdapter - Downloading http://repo.maven.apache.org/maven2/antlr/antlr/2.7.7/antlr-2.7.7.pom
2015-01-25 22:36:59,570 [Worker-3] INFO  o.e.m.c.i.e.AbstractTransferListenerAdapter - Downloaded http://repo.maven.apache.org/maven2/antlr/antlr/2.7.7/antlr-2.7.7.pom
2015-01-25 22:36:59,661 [Worker-3] INFO  o.e.m.c.i.e.AbstractTransferListenerAdapter - Downloading http://repo.maven.apache.org/maven2/dom4j/dom4j/1.6.1/dom4j-1.6.1.pom
2015-01-25 22:36:59,824 [Worker-3] INFO  o.e.m.c.i.e.AbstractTransferListenerAdapter - Downloaded http://repo.maven.apache.org/maven2/dom4j/dom4j/1.6.1/dom4j-1.6.1.pom
2015-01-25 22:36:59,905 [Worker-3] INFO  o.e.m.c.i.e.AbstractTransferListenerAdapter - Downloading http://repo.maven.apache.org/maven2/org/jboss/spec/javax/transaction/jboss-transaction-api_1.1_spec/1.0.1.Final/jboss-transaction-api_1.1_spec-1.0.1.Final.pom
2015-01-25 22:37:00,017 [Worker-3] INFO  o.e.m.c.i.e.AbstractTransferListenerAdapter - Downloaded http://repo.maven.apache.org/maven2/org/jboss/spec/javax/transaction/jboss-transaction-api_1.1_spec/1.0.1.Final/jboss-transaction-api_1.1_spec-1.0.1.Final.pom
2015-01-25 22:37:00,078 [Worker-3] INFO  o.e.m.c.i.e.AbstractTransferListenerAdapter - Downloading http://repo.maven.apache.org/maven2/org/jboss/jboss-parent/9/jboss-parent-9.pom
2015-01-25 22:37:00,223 [Worker-3] INFO  o.e.m.c.i.e.AbstractTransferListenerAdapter - Downloaded http://repo.maven.apache.org/maven2/org/jboss/jboss-parent/9/jboss-parent-9.pom
2015-01-25 22:37:00,304 [Worker-3] INFO  o.e.m.c.i.e.AbstractTransferListenerAdapter - Downloading http://repo.maven.apache.org/maven2/org/hibernate/javax/persistence/hibernate-jpa-2.0-api/1.0.1.Final/hibernate-jpa-2.0-api-1.0.1.Final.pom
2015-01-25 22:37:00,485 [Worker-3] INFO  o.e.m.c.i.e.AbstractTransferListenerAdapter - Downloaded http://repo.maven.apache.org/maven2/org/hibernate/javax/persistence/hibernate-jpa-2.0-api/1.0.1.Final/hibernate-jpa-2.0-api-1.0.1.Final.pom
2015-01-25 22:37:00,567 [Worker-2] INFO  o.e.m.c.i.e.AbstractTransferListenerAdapter - Downloading http://repo.maven.apache.org/maven2/org/javassist/javassist/3.15.0-GA/javassist-3.15.0-GA.pom
2015-01-25 22:37:00,711 [Worker-2] INFO  o.e.m.c.i.e.AbstractTransferListenerAdapter - Downloaded http://repo.maven.apache.org/maven2/org/javassist/javassist/3.15.0-GA/javassist-3.15.0-GA.pom
2015-01-25 22:37:00,835 [Worker-2] INFO  o.e.m.c.i.e.AbstractTransferListenerAdapter - Downloading http://repo.maven.apache.org/maven2/org/hibernate/common/hibernate-commons-annotations/4.0.1.Final/hibernate-commons-annotations-4.0.1.Final.pom
2015-01-25 22:37:01,051 [Worker-2] INFO  o.e.m.c.i.e.AbstractTransferListenerAdapter - Downloaded http://repo.maven.apache.org/maven2/org/hibernate/common/hibernate-commons-annotations/4.0.1.Final/hibernate-commons-annotations-4.0.1.Final.pom
2015-01-25 22:37:01,123 [Worker-2] INFO  o.e.m.c.i.e.AbstractTransferListenerAdapter - Downloading http://repo.maven.apache.org/maven2/org/jboss/logging/jboss-logging/3.1.0.CR2/jboss-logging-3.1.0.CR2.pom
2015-01-25 22:37:01,252 [Worker-2] INFO  o.e.m.c.i.e.AbstractTransferListenerAdapter - Downloaded http://repo.maven.apache.org/maven2/org/jboss/logging/jboss-logging/3.1.0.CR2/jboss-logging-3.1.0.CR2.pom
2015-01-25 22:37:01,326 [Worker-3] INFO  o.e.m.c.i.e.AbstractTransferListenerAdapter - Downloading http://repo.maven.apache.org/maven2/org/jboss/jboss-parent/6/jboss-parent-6.pom
2015-01-25 22:37:01,470 [Worker-3] INFO  o.e.m.c.i.e.AbstractTransferListenerAdapter - Downloaded http://repo.maven.apache.org/maven2/org/jboss/jboss-parent/6/jboss-parent-6.pom
2015-01-25 22:37:01,584 [Worker-2] INFO  o.e.m.c.i.e.AbstractTransferListenerAdapter - Downloading http://repo.maven.apache.org/maven2/org/springframework/spring-test/3.2.3.RELEASE/spring-test-3.2.3.RELEASE.pom
2015-01-25 22:37:01,699 [Worker-2] INFO  o.e.m.c.i.e.AbstractTransferListenerAdapter - Downloaded http://repo.maven.apache.org/maven2/org/springframework/spring-test/3.2.3.RELEASE/spring-test-3.2.3.RELEASE.pom
2015-01-25 22:37:01,760 [Worker-2] INFO  o.e.m.c.i.e.AbstractTransferListenerAdapter - Downloading http://repo.maven.apache.org/maven2/junit/junit/4.11/junit-4.11.pom
2015-01-25 22:37:01,851 [Worker-2] INFO  o.e.m.c.i.e.AbstractTransferListenerAdapter - Downloaded http://repo.maven.apache.org/maven2/junit/junit/4.11/junit-4.11.pom
2015-01-25 22:37:01,914 [Worker-2] INFO  o.e.m.c.i.e.AbstractTransferListenerAdapter - Downloading http://repo.maven.apache.org/maven2/org/hamcrest/hamcrest-core/1.3/hamcrest-core-1.3.pom
2015-01-25 22:37:02,026 [Worker-2] INFO  o.e.m.c.i.e.AbstractTransferListenerAdapter - Downloaded http://repo.maven.apache.org/maven2/org/hamcrest/hamcrest-core/1.3/hamcrest-core-1.3.pom
2015-01-25 22:37:02,090 [Worker-2] INFO  o.e.m.c.i.e.AbstractTransferListenerAdapter - Downloading http://repo.maven.apache.org/maven2/org/hamcrest/hamcrest-parent/1.3/hamcrest-parent-1.3.pom
2015-01-25 22:37:02,232 [Worker-2] INFO  o.e.m.c.i.e.AbstractTransferListenerAdapter - Downloaded http://repo.maven.apache.org/maven2/org/hamcrest/hamcrest-parent/1.3/hamcrest-parent-1.3.pom
2015-01-25 22:37:02,412 [Worker-3] INFO  o.e.m.c.i.e.AbstractTransferListenerAdapter - Downloading http://repo.maven.apache.org/maven2/org/springframework/spring-context/3.2.3.RELEASE/spring-context-3.2.3.RELEASE.jar
2015-01-25 22:37:02,982 [Worker-3] INFO  o.e.m.c.i.e.AbstractTransferListenerAdapter - Downloaded http://repo.maven.apache.org/maven2/org/springframework/spring-context/3.2.3.RELEASE/spring-context-3.2.3.RELEASE.jar
2015-01-25 22:37:03,025 [Worker-3] INFO  o.e.m.c.i.e.AbstractTransferListenerAdapter - Downloading http://repo.maven.apache.org/maven2/org/springframework/spring-aop/3.2.3.RELEASE/spring-aop-3.2.3.RELEASE.jar
2015-01-25 22:37:03,244 [Worker-3] INFO  o.e.m.c.i.e.AbstractTransferListenerAdapter - Downloaded http://repo.maven.apache.org/maven2/org/springframework/spring-aop/3.2.3.RELEASE/spring-aop-3.2.3.RELEASE.jar
2015-01-25 22:37:03,293 [Worker-3] INFO  o.e.m.c.i.e.AbstractTransferListenerAdapter - Downloading http://repo.maven.apache.org/maven2/org/springframework/spring-beans/3.2.3.RELEASE/spring-beans-3.2.3.RELEASE.jar
2015-01-25 22:37:03,710 [Worker-3] INFO  o.e.m.c.i.e.AbstractTransferListenerAdapter - Downloaded http://repo.maven.apache.org/maven2/org/springframework/spring-beans/3.2.3.RELEASE/spring-beans-3.2.3.RELEASE.jar
2015-01-25 22:37:03,766 [Worker-3] INFO  o.e.m.c.i.e.AbstractTransferListenerAdapter - Downloading http://repo.maven.apache.org/maven2/org/springframework/spring-core/3.2.3.RELEASE/spring-core-3.2.3.RELEASE.jar
2015-01-25 22:37:04,240 [Worker-3] INFO  o.e.m.c.i.e.AbstractTransferListenerAdapter - Downloaded http://repo.maven.apache.org/maven2/org/springframework/spring-core/3.2.3.RELEASE/spring-core-3.2.3.RELEASE.jar
2015-01-25 22:37:04,295 [Worker-3] INFO  o.e.m.c.i.e.AbstractTransferListenerAdapter - Downloading http://repo.maven.apache.org/maven2/commons-logging/commons-logging/1.1.1/commons-logging-1.1.1.jar
2015-01-25 22:37:04,427 [Worker-3] INFO  o.e.m.c.i.e.AbstractTransferListenerAdapter - Downloaded http://repo.maven.apache.org/maven2/commons-logging/commons-logging/1.1.1/commons-logging-1.1.1.jar
2015-01-25 22:37:04,474 [Worker-3] INFO  o.e.m.c.i.e.AbstractTransferListenerAdapter - Downloading http://repo.maven.apache.org/maven2/org/springframework/spring-expression/3.2.3.RELEASE/spring-expression-3.2.3.RELEASE.jar
2015-01-25 22:37:04,691 [Worker-3] INFO  o.e.m.c.i.e.AbstractTransferListenerAdapter - Downloaded http://repo.maven.apache.org/maven2/org/springframework/spring-expression/3.2.3.RELEASE/spring-expression-3.2.3.RELEASE.jar
2015-01-25 22:37:04,739 [Worker-3] INFO  o.e.m.c.i.e.AbstractTransferListenerAdapter - Downloading http://repo.maven.apache.org/maven2/org/springframework/spring-tx/3.2.3.RELEASE/spring-tx-3.2.3.RELEASE.jar
2015-01-25 22:37:04,954 [Worker-3] INFO  o.e.m.c.i.e.AbstractTransferListenerAdapter - Downloaded http://repo.maven.apache.org/maven2/org/springframework/spring-tx/3.2.3.RELEASE/spring-tx-3.2.3.RELEASE.jar
2015-01-25 22:37:05,012 [Worker-3] INFO  o.e.m.c.i.e.AbstractTransferListenerAdapter - Downloading http://repo.maven.apache.org/maven2/org/slf4j/slf4j-api/1.7.5/slf4j-api-1.7.5.jar
2015-01-25 22:37:05,126 [Worker-3] INFO  o.e.m.c.i.e.AbstractTransferListenerAdapter - Downloaded http://repo.maven.apache.org/maven2/org/slf4j/slf4j-api/1.7.5/slf4j-api-1.7.5.jar
2015-01-25 22:37:05,171 [Worker-3] INFO  o.e.m.c.i.e.AbstractTransferListenerAdapter - Downloading http://repo.maven.apache.org/maven2/ch/qos/logback/logback-classic/1.0.13/logback-classic-1.0.13.jar
2015-01-25 22:37:05,378 [Worker-3] INFO  o.e.m.c.i.e.AbstractTransferListenerAdapter - Downloaded http://repo.maven.apache.org/maven2/ch/qos/logback/logback-classic/1.0.13/logback-classic-1.0.13.jar
2015-01-25 22:37:05,440 [Worker-3] INFO  o.e.m.c.i.e.AbstractTransferListenerAdapter - Downloading http://repo.maven.apache.org/maven2/ch/qos/logback/logback-core/1.0.13/logback-core-1.0.13.jar
2015-01-25 22:37:05,714 [Worker-3] INFO  o.e.m.c.i.e.AbstractTransferListenerAdapter - Downloaded http://repo.maven.apache.org/maven2/ch/qos/logback/logback-core/1.0.13/logback-core-1.0.13.jar
2015-01-25 22:37:05,762 [Worker-3] INFO  o.e.m.c.i.e.AbstractTransferListenerAdapter - Downloading http://repo.maven.apache.org/maven2/org/hibernate/hibernate-entitymanager/4.2.1.Final/hibernate-entitymanager-4.2.1.Final.jar
2015-01-25 22:37:06,053 [Worker-3] INFO  o.e.m.c.i.e.AbstractTransferListenerAdapter - Downloaded http://repo.maven.apache.org/maven2/org/hibernate/hibernate-entitymanager/4.2.1.Final/hibernate-entitymanager-4.2.1.Final.jar
2015-01-25 22:37:06,101 [Worker-3] INFO  o.e.m.c.i.e.AbstractTransferListenerAdapter - Downloading http://repo.maven.apache.org/maven2/org/jboss/logging/jboss-logging/3.1.0.GA/jboss-logging-3.1.0.GA.jar
2015-01-25 22:37:06,232 [Worker-3] INFO  o.e.m.c.i.e.AbstractTransferListenerAdapter - Downloaded http://repo.maven.apache.org/maven2/org/jboss/logging/jboss-logging/3.1.0.GA/jboss-logging-3.1.0.GA.jar
2015-01-25 22:37:06,306 [Worker-3] INFO  o.e.m.c.i.e.AbstractTransferListenerAdapter - Downloading http://repo.maven.apache.org/maven2/org/hibernate/hibernate-core/4.2.1.Final/hibernate-core-4.2.1.Final.jar
2015-01-25 22:37:08,327 [Worker-3] INFO  o.e.m.c.i.e.AbstractTransferListenerAdapter - Downloaded http://repo.maven.apache.org/maven2/org/hibernate/hibernate-core/4.2.1.Final/hibernate-core-4.2.1.Final.jar
2015-01-25 22:37:08,386 [Worker-3] INFO  o.e.m.c.i.e.AbstractTransferListenerAdapter - Downloading http://repo.maven.apache.org/maven2/antlr/antlr/2.7.7/antlr-2.7.7.jar
2015-01-25 22:37:08,722 [Worker-3] INFO  o.e.m.c.i.e.AbstractTransferListenerAdapter - Downloaded http://repo.maven.apache.org/maven2/antlr/antlr/2.7.7/antlr-2.7.7.jar
2015-01-25 22:37:08,776 [Worker-3] INFO  o.e.m.c.i.e.AbstractTransferListenerAdapter - Downloading http://repo.maven.apache.org/maven2/dom4j/dom4j/1.6.1/dom4j-1.6.1.jar
2015-01-25 22:37:09,077 [Worker-3] INFO  o.e.m.c.i.e.AbstractTransferListenerAdapter - Downloaded http://repo.maven.apache.org/maven2/dom4j/dom4j/1.6.1/dom4j-1.6.1.jar
2015-01-25 22:37:09,125 [Worker-3] INFO  o.e.m.c.i.e.AbstractTransferListenerAdapter - Downloading http://repo.maven.apache.org/maven2/org/jboss/spec/javax/transaction/jboss-transaction-api_1.1_spec/1.0.1.Final/jboss-transaction-api_1.1_spec-1.0.1.Final.jar
2015-01-25 22:37:09,251 [Worker-3] INFO  o.e.m.c.i.e.AbstractTransferListenerAdapter - Downloaded http://repo.maven.apache.org/maven2/org/jboss/spec/javax/transaction/jboss-transaction-api_1.1_spec/1.0.1.Final/jboss-transaction-api_1.1_spec-1.0.1.Final.jar
2015-01-25 22:37:09,295 [Worker-3] INFO  o.e.m.c.i.e.AbstractTransferListenerAdapter - Downloading http://repo.maven.apache.org/maven2/org/hibernate/javax/persistence/hibernate-jpa-2.0-api/1.0.1.Final/hibernate-jpa-2.0-api-1.0.1.Final.jar
2015-01-25 22:37:09,482 [Worker-3] INFO  o.e.m.c.i.e.AbstractTransferListenerAdapter - Downloaded http://repo.maven.apache.org/maven2/org/hibernate/javax/persistence/hibernate-jpa-2.0-api/1.0.1.Final/hibernate-jpa-2.0-api-1.0.1.Final.jar
2015-01-25 22:37:09,527 [Worker-3] INFO  o.e.m.c.i.e.AbstractTransferListenerAdapter - Downloading http://repo.maven.apache.org/maven2/org/javassist/javassist/3.15.0-GA/javassist-3.15.0-GA.jar
2015-01-25 22:37:09,935 [Worker-3] INFO  o.e.m.c.i.e.AbstractTransferListenerAdapter - Downloaded http://repo.maven.apache.org/maven2/org/javassist/javassist/3.15.0-GA/javassist-3.15.0-GA.jar
2015-01-25 22:37:09,984 [Worker-3] INFO  o.e.m.c.i.e.AbstractTransferListenerAdapter - Downloading http://repo.maven.apache.org/maven2/org/hibernate/common/hibernate-commons-annotations/4.0.1.Final/hibernate-commons-annotations-4.0.1.Final.jar
2015-01-25 22:37:10,149 [Worker-3] INFO  o.e.m.c.i.e.AbstractTransferListenerAdapter - Downloaded http://repo.maven.apache.org/maven2/org/hibernate/common/hibernate-commons-annotations/4.0.1.Final/hibernate-commons-annotations-4.0.1.Final.jar
2015-01-25 22:37:10,199 [Worker-3] INFO  o.e.m.c.i.e.AbstractTransferListenerAdapter - Downloading http://repo.maven.apache.org/maven2/org/springframework/spring-test/3.2.3.RELEASE/spring-test-3.2.3.RELEASE.jar
2015-01-25 22:37:10,530 [Worker-3] INFO  o.e.m.c.i.e.AbstractTransferListenerAdapter - Downloaded http://repo.maven.apache.org/maven2/org/springframework/spring-test/3.2.3.RELEASE/spring-test-3.2.3.RELEASE.jar
2015-01-25 22:37:10,585 [Worker-3] INFO  o.e.m.c.i.e.AbstractTransferListenerAdapter - Downloading http://repo.maven.apache.org/maven2/junit/junit/4.11/junit-4.11.jar
2015-01-25 22:37:10,817 [Worker-3] INFO  o.e.m.c.i.e.AbstractTransferListenerAdapter - Downloaded http://repo.maven.apache.org/maven2/junit/junit/4.11/junit-4.11.jar
2015-01-25 22:37:10,866 [Worker-3] INFO  o.e.m.c.i.e.AbstractTransferListenerAdapter - Downloading http://repo.maven.apache.org/maven2/org/hamcrest/hamcrest-core/1.3/hamcrest-core-1.3.jar
2015-01-25 22:37:11,032 [Worker-3] INFO  o.e.m.c.i.e.AbstractTransferListenerAdapter - Downloaded http://repo.maven.apache.org/maven2/org/hamcrest/hamcrest-core/1.3/hamcrest-core-1.3.jar
2015-01-25 22:37:20,386 [Worker-3] INFO  o.e.m.c.i.l.LifecycleMappingFactory - Using org.eclipse.m2e.jdt.JarLifecycleMapping lifecycle mapping for MavenProject: com.nokelsevices:TestingAppMVN:0.0.1-SNAPSHOT @ C:\projects\book_code\sts\TestingAppMVN\pom.xml.
2015-01-25 22:37:21,240 [Worker-3] INFO  o.e.m.c.i.embedder.EclipseLogger - Using 'UTF-8' encoding to copy filtered resources.
2015-01-25 22:37:21,263 [Worker-3] INFO  o.e.m.c.i.embedder.EclipseLogger - Copying 0 resource
2015-01-25 22:37:21,269 [Worker-3] INFO  o.e.m.c.i.embedder.EclipseLogger - Using 'UTF-8' encoding to copy filtered resources.
2015-01-25 22:37:21,270 [Worker-3] INFO  o.e.m.c.i.embedder.EclipseLogger - skip non existing resourceDirectory C:\projects\book_code\sts\grocOrder\src\test\resources
2015-01-25 22:37:21,621 [Worker-0] INFO  o.e.m.c.i.l.LifecycleMappingFactory - Using org.eclipse.m2e.jdt.JarLifecycleMapping lifecycle mapping for MavenProject: org.springframework.samples:TestSpringMaven:0.0.1-SNAPSHOT @ C:\projects\book_code\sts\grocOrder\pom.xml.
2015-01-25 22:37:21,741 [Worker-3] INFO  o.e.m.c.i.l.LifecycleMappingFactory - Using org.eclipse.m2e.jdt.JarLifecycleMapping lifecycle mapping for MavenProject: nokelservices:nokel-database-test:0.0.1-SNAPSHOT @ C:\projects\book_code\sts\nokel-database-test\pom.xml.
2015-01-25 22:37:22,652 [Worker-3] INFO  o.e.m.c.i.e.AbstractTransferListenerAdapter - Downloading http://repo.maven.apache.org/maven2/mysql/mysql-connector-java/5.1.30/mysql-connector-java-5.1.30.pom
2015-01-25 22:37:22,941 [Worker-3] INFO  o.e.m.c.i.e.AbstractTransferListenerAdapter - Downloaded http://repo.maven.apache.org/maven2/mysql/mysql-connector-java/5.1.30/mysql-connector-java-5.1.30.pom
2015-01-25 22:37:23,030 [Worker-3] INFO  o.e.m.c.i.e.AbstractTransferListenerAdapter - Downloading http://repo.maven.apache.org/maven2/mysql/mysql-connector-java/5.1.30/mysql-connector-java-5.1.30.jar
2015-01-25 22:37:23,665 [Worker-3] INFO  o.e.m.c.i.e.AbstractTransferListenerAdapter - Downloaded http://repo.maven.apache.org/maven2/mysql/mysql-connector-java/5.1.30/mysql-connector-java-5.1.30.jar
2015-01-25 22:37:24,815 [Worker-3] WARN  o.e.m.c.i.embedder.EclipseLogger - Using platform encoding (Cp1252 actually) to copy filtered resources, i.e. build is platform dependent!
2015-01-25 22:37:24,817 [Worker-3] INFO  o.e.m.c.i.embedder.EclipseLogger - Copying 0 resource
2015-01-25 22:37:24,822 [Worker-3] WARN  o.e.m.c.i.embedder.EclipseLogger - Using platform encoding (Cp1252 actually) to copy filtered resources, i.e. build is platform dependent!
2015-01-25 22:37:24,823 [Worker-3] INFO  o.e.m.c.i.embedder.EclipseLogger - Copying 0 resource
2015-01-25 22:37:25,680 [Worker-8] INFO  o.e.m.c.i.l.LifecycleMappingFactory - Using org.eclipse.m2e.jdt.JarLifecycleMapping lifecycle mapping for MavenProject: org.springframework.samples:TestSpringMaven:0.0.1-SNAPSHOT @ C:\projects\book_code\sts\grocOrder\pom.xml.
2015-01-25 22:37:26,498 [Worker-8] INFO  o.e.m.c.i.l.LifecycleMappingFactory - Using org.eclipse.m2e.jdt.JarLifecycleMapping lifecycle mapping for MavenProject: com.nokelsevices:TestingAppMVN:0.0.1-SNAPSHOT @ C:\projects\book_code\sts\TestingAppMVN\pom.xml.
2015-01-25 22:37:27,158 [Worker-8] INFO  o.e.m.c.i.l.LifecycleMappingFactory - Using org.eclipse.m2e.jdt.JarLifecycleMapping lifecycle mapping for MavenProject: nokelservices:nokel-database-test:0.0.1-SNAPSHOT @ C:\projects\book_code\sts\nokel-database-test\pom.xml.
2015-01-25 22:37:27,197 [Worker-1] INFO  o.e.m.c.i.embedder.EclipseLogger - Using 'UTF-8' encoding to copy filtered resources.
2015-01-25 22:37:27,197 [Worker-1] INFO  o.e.m.c.i.embedder.EclipseLogger - skip non existing resourceDirectory C:\projects\book_code\sts\TestingAppMVN\src\main\resources
2015-01-25 22:37:27,199 [Worker-1] INFO  o.e.m.c.i.embedder.EclipseLogger - Using 'UTF-8' encoding to copy filtered resources.
2015-01-25 22:37:27,200 [Worker-1] INFO  o.e.m.c.i.embedder.EclipseLogger - skip non existing resourceDirectory C:\projects\book_code\sts\TestingAppMVN\src\test\resources
2015-01-25 22:37:28,633 [Worker-1] INFO  o.e.m.c.i.embedder.EclipseLogger - Using 'UTF-8' encoding to copy filtered resources.
2015-01-25 22:37:28,714 [Worker-1] INFO  o.e.m.c.i.embedder.EclipseLogger - Copying 0 resource
2015-01-25 22:37:28,716 [Worker-1] INFO  o.e.m.c.i.embedder.EclipseLogger - Using 'UTF-8' encoding to copy filtered resources.
2015-01-25 22:37:28,717 [Worker-1] INFO  o.e.m.c.i.embedder.EclipseLogger - skip non existing resourceDirectory C:\projects\book_code\sts\grocOrder\src\test\resources
2015-01-25 22:37:28,956 [Worker-1] WARN  o.e.m.c.i.embedder.EclipseLogger - Using platform encoding (Cp1252 actually) to copy filtered resources, i.e. build is platform dependent!
2015-01-25 22:37:28,959 [Worker-1] INFO  o.e.m.c.i.embedder.EclipseLogger - Copying 0 resource
2015-01-25 22:37:28,961 [Worker-1] WARN  o.e.m.c.i.embedder.EclipseLogger - Using platform encoding (Cp1252 actually) to copy filtered resources, i.e. build is platform dependent!
2015-01-25 22:37:28,962 [Worker-1] INFO  o.e.m.c.i.embedder.EclipseLogger - Copying 0 resource
2015-01-25 22:37:30,377 [Worker-3] INFO  o.e.m.c.i.embedder.EclipseLogger - Using 'UTF-8' encoding to copy filtered resources.
2015-01-25 22:37:30,377 [Worker-3] INFO  o.e.m.c.i.embedder.EclipseLogger - skip non existing resourceDirectory C:\projects\book_code\sts\TestingAppMVN\src\main\resources
2015-01-25 22:37:30,379 [Worker-3] INFO  o.e.m.c.i.embedder.EclipseLogger - Using 'UTF-8' encoding to copy filtered resources.
2015-01-25 22:37:30,380 [Worker-3] INFO  o.e.m.c.i.embedder.EclipseLogger - skip non existing resourceDirectory C:\projects\book_code\sts\TestingAppMVN\src\test\resources
2015-01-25 22:37:30,815 [Worker-3] INFO  o.e.m.c.i.embedder.EclipseLogger - Using 'UTF-8' encoding to copy filtered resources.
2015-01-25 22:37:30,816 [Worker-3] INFO  o.e.m.c.i.embedder.EclipseLogger - Copying 0 resource
2015-01-25 22:37:30,819 [Worker-3] INFO  o.e.m.c.i.embedder.EclipseLogger - Using 'UTF-8' encoding to copy filtered resources.
2015-01-25 22:37:30,819 [Worker-3] INFO  o.e.m.c.i.embedder.EclipseLogger - skip non existing resourceDirectory C:\projects\book_code\sts\grocOrder\src\test\resources
2015-01-25 22:37:30,866 [Worker-3] WARN  o.e.m.c.i.embedder.EclipseLogger - Using platform encoding (Cp1252 actually) to copy filtered resources, i.e. build is platform dependent!
2015-01-25 22:37:30,869 [Worker-3] INFO  o.e.m.c.i.embedder.EclipseLogger - Copying 0 resource
2015-01-25 22:37:30,871 [Worker-3] WARN  o.e.m.c.i.embedder.EclipseLogger - Using platform encoding (Cp1252 actually) to copy filtered resources, i.e. build is platform dependent!
2015-01-25 22:37:30,873 [Worker-3] INFO  o.e.m.c.i.embedder.EclipseLogger - Copying 0 resource
2015-01-25 22:37:38,141 [Worker-1] INFO  o.e.m.i.launch.MavenLaunchDelegate - C:\projects\book_code\sts\TestingAppMVN
2015-01-25 22:37:38,143 [Worker-1] INFO  o.e.m.i.launch.MavenLaunchDelegate -  mvn  -B install
2015-01-25 22:38:01,665 [Worker-8] INFO  o.e.m.c.i.embedder.EclipseLogger - Using 'UTF-8' encoding to copy filtered resources.
2015-01-25 22:38:01,671 [Worker-8] INFO  o.e.m.c.i.embedder.EclipseLogger - skip non existing resourceDirectory C:\projects\book_code\sts\TestingAppMVN\src\main\resources
2015-01-25 22:38:01,687 [Worker-8] INFO  o.e.m.c.i.embedder.EclipseLogger - Using 'UTF-8' encoding to copy filtered resources.
2015-01-25 22:38:01,687 [Worker-8] INFO  o.e.m.c.i.embedder.EclipseLogger - skip non existing resourceDirectory C:\projects\book_code\sts\TestingAppMVN\src\test\resources
